[22:08:11] [main/INFO] (FabricLoader/GameProvider) Loading Minecraft 1.20.1 with Fabric Loader 0.16.9
[22:08:11] [main/DEBUG] (FabricLoader/GamePatch) Found game constructor: net.minecraft.client.main.Main -> net.minecraft.client.MinecraftClient
[22:08:11] [main/DEBUG] (FabricLoader/GamePatch) Patching game constructor <init>(Lnet/minecraft/client/RunArgs;)V
[22:08:11] [main/DEBUG] (FabricLoader/GamePatch) Run directory field is thought to be net/minecraft/client/MinecraftClient/runDirectory
[22:08:11] [main/DEBUG] (FabricLoader/GamePatch) Applying brand name hook to net/minecraft/client/ClientBrandRetriever::getClientModName
[22:08:11] [main/DEBUG] (FabricLoader/GamePatch) Applying brand name hook to net/minecraft/server/MinecraftServer::getServerModName
[22:08:11] [main/DEBUG] (FabricLoader/Mappings) Loading mappings took 74 ms
[22:08:11] [main/DEBUG] (FabricLoader/GamePatch) Patched 3 classs
[22:08:11] [main/DEBUG] (FabricLoader/Discovery) Skipping missing class path group entry E:\bbsmc\mods\UtopiaBosses\out\production\UtopiaBosses.main
[22:08:11] [main/DEBUG] (FabricLoader/Discovery) Skipping missing class path group entry E:\bbsmc\mods\UtopiaBosses\out\production\classes
[22:08:11] [main/DEBUG] (FabricLoader/Discovery) Skipping missing class path group entry E:\bbsmc\mods\UtopiaBosses\out\production\resources
[22:08:11] [main/DEBUG] (FabricLoader/Discovery) Skipping missing class path group entry E:\bbsmc\mods\UtopiaBosses\out\production\UtopiaBosses.client
[22:08:11] [main/DEBUG] (FabricLoader/Discovery) Skipping missing class path group entry E:\bbsmc\mods\UtopiaBosses\out\client\classes
[22:08:11] [main/DEBUG] (FabricLoader/Discovery) Skipping missing class path group entry E:\bbsmc\mods\UtopiaBosses\out\client\resources
[22:08:11] [main/DEBUG] (FabricLoader/Discovery) Mod discovery time: 20.7 ms
[22:08:11] [main/DEBUG] (FabricLoader/Resolution) Mod resolution time: 41.7 ms
[22:08:11] [main/INFO] (FabricLoader) Loading 60 mods:
	- fabric-api 0.92.3+1.20.1
	- fabric-api-base 0.4.31+1802ada577
	- fabric-api-lookup-api-v1 1.6.36+1802ada577
	- fabric-biome-api-v1 13.0.13+1802ada577
	- fabric-block-api-v1 1.0.11+1802ada577
	- fabric-block-view-api-v2 1.0.1+1802ada577
	- fabric-blockrenderlayer-v1 1.1.41+1802ada577
	- fabric-client-tags-api-v1 1.1.2+1802ada577
	- fabric-command-api-v1 1.2.34+f71b366f77
	- fabric-command-api-v2 2.2.13+1802ada577
	- fabric-commands-v0 0.2.51+df3654b377
	- fabric-containers-v0 0.1.65+df3654b377
	- fabric-content-registries-v0 4.0.12+1802ada577
	- fabric-convention-tags-v1 1.5.5+1802ada577
	- fabric-crash-report-info-v1 0.2.19+1802ada577
	- fabric-data-attachment-api-v1 1.0.1+de0fd6d177
	- fabric-data-generation-api-v1 12.3.5+1802ada577
	- fabric-dimensions-v1 2.1.54+1802ada577
	- fabric-entity-events-v1 1.6.0+1c78457f77
	- fabric-events-interaction-v0 0.6.3+13a40c6677
	- fabric-events-lifecycle-v0 0.2.63+df3654b377
	- fabric-game-rule-api-v1 1.0.40+1802ada577
	- fabric-gametest-api-v1 1.2.14+1802ada577
	- fabric-item-api-v1 2.1.28+1802ada577
	- fabric-item-group-api-v1 4.0.13+1802ada577
	- fabric-key-binding-api-v1 1.0.37+1802ada577
	- fabric-keybindings-v0 0.2.35+df3654b377
	- fabric-lifecycle-events-v1 2.2.22+1802ada577
	- fabric-loot-api-v2 1.2.2+1802ada577
	- fabric-loot-tables-v1 1.1.46+9e7660c677
	- fabric-message-api-v1 5.1.9+1802ada577
	- fabric-mining-level-api-v1 2.1.51+1802ada577
	- fabric-model-loading-api-v1 1.0.3+1802ada577
	- fabric-models-v0 0.4.2+9386d8a777
	- fabric-networking-api-v1 1.3.12+13a40c6677
	- fabric-networking-v0 0.3.52+df3654b377
	- fabric-object-builder-api-v1 11.1.4+1802ada577
	- fabric-particles-v1 1.1.2+1802ada577
	- fabric-recipe-api-v1 1.0.22+1802ada577
	- fabric-registry-sync-v0 2.3.4+1802ada577
	- fabric-renderer-api-v1 3.2.1+1802ada577
	- fabric-renderer-indigo 1.5.2+85287f9f77
	- fabric-renderer-registries-v1 3.2.46+df3654b377
	- fabric-rendering-data-attachment-v1 0.3.37+92a0d36777
	- fabric-rendering-fluids-v1 3.0.28+1802ada577
	- fabric-rendering-v0 1.1.49+df3654b377
	- fabric-rendering-v1 3.0.8+1802ada577
	- fabric-resource-conditions-api-v1 2.3.8+1802ada577
	- fabric-resource-loader-v0 0.11.11+fb82e9d777
	- fabric-screen-api-v1 2.0.8+1802ada577
	- fabric-screen-handler-api-v1 1.3.31+1802ada577
	- fabric-sound-api-v1 1.0.13+1802ada577
	- fabric-transfer-api-v1 3.3.5+8dd72ea377
	- fabric-transitive-access-wideners-v1 4.3.1+1802ada577
	- fabricloader 0.16.9
	   \-- mixinextras 0.4.1
	- geckolib 4.7
	- java 17
	- minecraft 1.20.1
	- utopiabosses 1.0
[22:08:11] [main/DEBUG] (FabricLoader/Knot) Adding E:\bbsmc\mods\UtopiaBosses\.gradle\loom-cache\remapped_mods\net_fabricmc_yarn_1_20_1_1_20_1_build_10_v2\net\fabricmc\fabric-api\fabric-networking-api-v1-common\1.3.12+13a40c6677\fabric-networking-api-v1-common-1.3.12+13a40c6677.jar to classpath.
[22:08:11] [main/DEBUG] (FabricLoader/Knot) Adding E:\bbsmc\mods\UtopiaBosses\.gradle\loom-cache\remapped_mods\net_fabricmc_yarn_1_20_1_1_20_1_build_10_v2\net\fabricmc\fabric-api\fabric-networking-api-v1-client\1.3.12+13a40c6677\fabric-networking-api-v1-client-1.3.12+13a40c6677.jar to classpath.
[22:08:11] [main/DEBUG] (FabricLoader/Knot) Adding E:\bbsmc\mods\UtopiaBosses\.gradle\loom-cache\remapped_mods\net_fabricmc_yarn_1_20_1_1_20_1_build_10_v2\net\fabricmc\fabric-api\fabric-data-generation-api-v1-common\12.3.5+1802ada577\fabric-data-generation-api-v1-common-12.3.5+1802ada577.jar to classpath.
[22:08:11] [main/DEBUG] (FabricLoader/Knot) Adding E:\bbsmc\mods\UtopiaBosses\.gradle\loom-cache\remapped_mods\net_fabricmc_yarn_1_20_1_1_20_1_build_10_v2\net\fabricmc\fabric-api\fabric-data-generation-api-v1-client\12.3.5+1802ada577\fabric-data-generation-api-v1-client-12.3.5+1802ada577.jar to classpath.
[22:08:11] [main/DEBUG] (FabricLoader/Knot) Adding E:\bbsmc\mods\UtopiaBosses\.gradle\loom-cache\remapped_mods\net_fabricmc_yarn_1_20_1_1_20_1_build_10_v2\net\fabricmc\fabric-api\fabric-dimensions-v1-common\2.1.54+1802ada577\fabric-dimensions-v1-common-2.1.54+1802ada577.jar to classpath.
[22:08:11] [main/DEBUG] (FabricLoader/Knot) Adding E:\bbsmc\mods\UtopiaBosses\.gradle\loom-cache\remapped_mods\net_fabricmc_yarn_1_20_1_1_20_1_build_10_v2\net\fabricmc\fabric-api\fabric-entity-events-v1-common\1.6.0+1c78457f77\fabric-entity-events-v1-common-1.6.0+1c78457f77.jar to classpath.
[22:08:11] [main/DEBUG] (FabricLoader/Knot) Adding E:\bbsmc\mods\UtopiaBosses\.gradle\loom-cache\remapped_mods\net_fabricmc_yarn_1_20_1_1_20_1_build_10_v2\net\fabricmc\fabric-api\fabric-entity-events-v1-client\1.6.0+1c78457f77\fabric-entity-events-v1-client-1.6.0+1c78457f77.jar to classpath.
[22:08:11] [main/DEBUG] (FabricLoader/Knot) Adding E:\bbsmc\mods\UtopiaBosses\.gradle\loom-cache\remapped_mods\net_fabricmc_yarn_1_20_1_1_20_1_build_10_v2\net\fabricmc\fabric-api\fabric-transfer-api-v1-common\3.3.5+8dd72ea377\fabric-transfer-api-v1-common-3.3.5+8dd72ea377.jar to classpath.
[22:08:11] [main/DEBUG] (FabricLoader/Knot) Adding E:\bbsmc\mods\UtopiaBosses\.gradle\loom-cache\remapped_mods\net_fabricmc_yarn_1_20_1_1_20_1_build_10_v2\net\fabricmc\fabric-api\fabric-transfer-api-v1-client\3.3.5+8dd72ea377\fabric-transfer-api-v1-client-3.3.5+8dd72ea377.jar to classpath.
[22:08:11] [main/DEBUG] (FabricLoader/Knot) Adding E:\bbsmc\mods\UtopiaBosses\.gradle\loom-cache\remapped_mods\net_fabricmc_yarn_1_20_1_1_20_1_build_10_v2\net\fabricmc\fabric-api\fabric-models-v0-client\0.4.2+9386d8a777\fabric-models-v0-client-0.4.2+9386d8a777.jar to classpath.
[22:08:11] [main/DEBUG] (FabricLoader/Knot) Adding E:\bbsmc\mods\UtopiaBosses\.gradle\loom-cache\remapped_mods\net_fabricmc_yarn_1_20_1_1_20_1_build_10_v2\net\fabricmc\fabric-api\fabric-blockrenderlayer-v1-client\1.1.41+1802ada577\fabric-blockrenderlayer-v1-client-1.1.41+1802ada577.jar to classpath.
[22:08:11] [main/DEBUG] (FabricLoader/Knot) Adding E:\bbsmc\mods\UtopiaBosses\.gradle\loom-cache\remapped_mods\net_fabricmc_yarn_1_20_1_1_20_1_build_10_v2\net\fabricmc\fabric-api\fabric-content-registries-v0-common\4.0.12+1802ada577\fabric-content-registries-v0-common-4.0.12+1802ada577.jar to classpath.
[22:08:11] [main/DEBUG] (FabricLoader/Knot) Adding E:\bbsmc\mods\UtopiaBosses\.gradle\loom-cache\remapped_mods\net_fabricmc_yarn_1_20_1_1_20_1_build_10_v2\net\fabricmc\fabric-api\fabric-screen-api-v1-client\2.0.8+1802ada577\fabric-screen-api-v1-client-2.0.8+1802ada577.jar to classpath.
[22:08:11] [main/DEBUG] (FabricLoader/Knot) Adding E:\bbsmc\mods\UtopiaBosses\.gradle\loom-cache\remapped_mods\net_fabricmc_yarn_1_20_1_1_20_1_build_10_v2\net\fabricmc\fabric-api\fabric-sound-api-v1-client\1.0.13+1802ada577\fabric-sound-api-v1-client-1.0.13+1802ada577.jar to classpath.
[22:08:11] [main/DEBUG] (FabricLoader/Knot) Adding E:\bbsmc\mods\UtopiaBosses\build\classes\java\main to classpath.
[22:08:11] [main/DEBUG] (FabricLoader/Knot) Adding E:\bbsmc\mods\UtopiaBosses\build\resources\main to classpath.
[22:08:11] [main/DEBUG] (FabricLoader/Knot) Adding E:\bbsmc\mods\UtopiaBosses\build\classes\java\client to classpath.
[22:08:11] [main/DEBUG] (FabricLoader/Knot) Adding E:\bbsmc\mods\UtopiaBosses\build\resources\client to classpath.
[22:08:11] [main/DEBUG] (FabricLoader/Knot) Adding E:\bbsmc\mods\UtopiaBosses\.gradle\loom-cache\remapped_mods\net_fabricmc_yarn_1_20_1_1_20_1_build_10_v2\net\fabricmc\fabric-api\fabric-renderer-indigo-client\1.5.2+85287f9f77\fabric-renderer-indigo-client-1.5.2+85287f9f77.jar to classpath.
[22:08:11] [main/DEBUG] (FabricLoader/Knot) Adding E:\bbsmc\mods\UtopiaBosses\.gradle\loom-cache\remapped_mods\net_fabricmc_yarn_1_20_1_1_20_1_build_10_v2\net\fabricmc\fabric-api\fabric-item-group-api-v1-common\4.0.13+1802ada577\fabric-item-group-api-v1-common-4.0.13+1802ada577.jar to classpath.
[22:08:11] [main/DEBUG] (FabricLoader/Knot) Adding E:\bbsmc\mods\UtopiaBosses\.gradle\loom-cache\remapped_mods\net_fabricmc_yarn_1_20_1_1_20_1_build_10_v2\net\fabricmc\fabric-api\fabric-item-group-api-v1-client\4.0.13+1802ada577\fabric-item-group-api-v1-client-4.0.13+1802ada577.jar to classpath.
[22:08:11] [main/DEBUG] (FabricLoader/Knot) Adding E:\bbsmc\mods\UtopiaBosses\.gradle\loom-cache\remapped_mods\net_fabricmc_yarn_1_20_1_1_20_1_build_10_v2\net\fabricmc\fabric-api\fabric-resource-conditions-api-v1-common\2.3.8+1802ada577\fabric-resource-conditions-api-v1-common-2.3.8+1802ada577.jar to classpath.
[22:08:11] [main/DEBUG] (FabricLoader/Knot) Adding E:\bbsmc\mods\UtopiaBosses\.gradle\loom-cache\remapped_mods\net_fabricmc_yarn_1_20_1_1_20_1_build_10_v2\net\fabricmc\fabric-api\fabric-key-binding-api-v1-client\1.0.37+1802ada577\fabric-key-binding-api-v1-client-1.0.37+1802ada577.jar to classpath.
[22:08:11] [main/DEBUG] (FabricLoader/Knot) Adding E:\bbsmc\mods\UtopiaBosses\.gradle\loom-cache\remapped_mods\net_fabricmc_yarn_1_20_1_1_20_1_build_10_v2\net\fabricmc\fabric-api\fabric-commands-v0-common\0.2.51+df3654b377\fabric-commands-v0-common-0.2.51+df3654b377.jar to classpath.
[22:08:11] [main/DEBUG] (FabricLoader/Knot) Adding E:\bbsmc\mods\UtopiaBosses\.gradle\loom-cache\remapped_mods\net_fabricmc_yarn_1_20_1_1_20_1_build_10_v2\net\fabricmc\fabric-api\fabric-rendering-v1-client\3.0.8+1802ada577\fabric-rendering-v1-client-3.0.8+1802ada577.jar to classpath.
[22:08:11] [main/DEBUG] (FabricLoader/Knot) Adding E:\bbsmc\mods\UtopiaBosses\.gradle\loom-cache\remapped_mods\net_fabricmc_yarn_1_20_1_1_20_1_build_10_v2\software\bernie\geckolib\geckolib-fabric-1.20.1\4.7\geckolib-fabric-1.20.1-4.7.jar to classpath.
[22:08:11] [main/DEBUG] (FabricLoader/Knot) Adding E:\bbsmc\mods\UtopiaBosses\.gradle\loom-cache\remapped_mods\net_fabricmc_yarn_1_20_1_1_20_1_build_10_v2\net\fabricmc\fabric-api\fabric-command-api-v1-common\1.2.34+f71b366f77\fabric-command-api-v1-common-1.2.34+f71b366f77.jar to classpath.
[22:08:11] [main/DEBUG] (FabricLoader/Knot) Adding E:\bbsmc\mods\UtopiaBosses\.gradle\loom-cache\remapped_mods\net_fabricmc_yarn_1_20_1_1_20_1_build_10_v2\net\fabricmc\fabric-api\fabric-resource-loader-v0-common\0.11.11+fb82e9d777\fabric-resource-loader-v0-common-0.11.11+fb82e9d777.jar to classpath.
[22:08:11] [main/DEBUG] (FabricLoader/Knot) Adding E:\bbsmc\mods\UtopiaBosses\.gradle\loom-cache\remapped_mods\net_fabricmc_yarn_1_20_1_1_20_1_build_10_v2\net\fabricmc\fabric-api\fabric-resource-loader-v0-client\0.11.11+fb82e9d777\fabric-resource-loader-v0-client-0.11.11+fb82e9d777.jar to classpath.
[22:08:11] [main/DEBUG] (FabricLoader/Knot) Adding E:\bbsmc\mods\UtopiaBosses\.gradle\loom-cache\remapped_mods\net_fabricmc_yarn_1_20_1_1_20_1_build_10_v2\net\fabricmc\fabric-api\fabric-block-api-v1-common\1.0.11+1802ada577\fabric-block-api-v1-common-1.0.11+1802ada577.jar to classpath.
[22:08:11] [main/DEBUG] (FabricLoader/Knot) Adding E:\bbsmc\mods\UtopiaBosses\.gradle\loom-cache\remapped_mods\net_fabricmc_yarn_1_20_1_1_20_1_build_10_v2\net\fabricmc\fabric-api\fabric-block-view-api-v2-common\1.0.1+1802ada577\fabric-block-view-api-v2-common-1.0.1+1802ada577.jar to classpath.
[22:08:11] [main/DEBUG] (FabricLoader/Knot) Adding E:\bbsmc\mods\UtopiaBosses\.gradle\loom-cache\remapped_mods\net_fabricmc_yarn_1_20_1_1_20_1_build_10_v2\net\fabricmc\fabric-api\fabric-block-view-api-v2-client\1.0.1+1802ada577\fabric-block-view-api-v2-client-1.0.1+1802ada577.jar to classpath.
[22:08:11] [main/DEBUG] (FabricLoader/Knot) Adding E:\bbsmc\mods\UtopiaBosses\.gradle\loom-cache\remapped_mods\net_fabricmc_yarn_1_20_1_1_20_1_build_10_v2\net\fabricmc\fabric-api\fabric-containers-v0-common\0.1.65+df3654b377\fabric-containers-v0-common-0.1.65+df3654b377.jar to classpath.
[22:08:11] [main/DEBUG] (FabricLoader/Knot) Adding E:\bbsmc\mods\UtopiaBosses\.gradle\loom-cache\remapped_mods\net_fabricmc_yarn_1_20_1_1_20_1_build_10_v2\net\fabricmc\fabric-api\fabric-containers-v0-client\0.1.65+df3654b377\fabric-containers-v0-client-0.1.65+df3654b377.jar to classpath.
[22:08:11] [main/DEBUG] (FabricLoader/Knot) Adding E:\bbsmc\mods\UtopiaBosses\.gradle\loom-cache\remapped_mods\net_fabricmc_yarn_1_20_1_1_20_1_build_10_v2\net\fabricmc\fabric-api\fabric-rendering-fluids-v1-common\3.0.28+1802ada577\fabric-rendering-fluids-v1-common-3.0.28+1802ada577.jar to classpath.
[22:08:11] [main/DEBUG] (FabricLoader/Knot) Adding E:\bbsmc\mods\UtopiaBosses\.gradle\loom-cache\remapped_mods\net_fabricmc_yarn_1_20_1_1_20_1_build_10_v2\net\fabricmc\fabric-api\fabric-rendering-fluids-v1-client\3.0.28+1802ada577\fabric-rendering-fluids-v1-client-3.0.28+1802ada577.jar to classpath.
[22:08:11] [main/DEBUG] (FabricLoader/Knot) Adding E:\bbsmc\mods\UtopiaBosses\.gradle\loom-cache\remapped_mods\net_fabricmc_yarn_1_20_1_1_20_1_build_10_v2\net\fabricmc\fabric-api\fabric-client-tags-api-v1-client\1.1.2+1802ada577\fabric-client-tags-api-v1-client-1.1.2+1802ada577.jar to classpath.
[22:08:11] [main/DEBUG] (FabricLoader/Knot) Adding E:\bbsmc\mods\UtopiaBosses\.gradle\loom-cache\remapped_mods\net_fabricmc_yarn_1_20_1_1_20_1_build_10_v2\net\fabricmc\fabric-api\fabric-particles-v1-common\1.1.2+1802ada577\fabric-particles-v1-common-1.1.2+1802ada577.jar to classpath.
[22:08:11] [main/DEBUG] (FabricLoader/Knot) Adding E:\bbsmc\mods\UtopiaBosses\.gradle\loom-cache\remapped_mods\net_fabricmc_yarn_1_20_1_1_20_1_build_10_v2\net\fabricmc\fabric-api\fabric-particles-v1-client\1.1.2+1802ada577\fabric-particles-v1-client-1.1.2+1802ada577.jar to classpath.
[22:08:11] [main/DEBUG] (FabricLoader/Knot) Adding E:\bbsmc\mods\UtopiaBosses\.gradle\loom-cache\remapped_mods\net_fabricmc_yarn_1_20_1_1_20_1_build_10_v2\net\fabricmc\fabric-api\fabric-loot-api-v2-common\1.2.2+1802ada577\fabric-loot-api-v2-common-1.2.2+1802ada577.jar to classpath.
[22:08:11] [main/DEBUG] (FabricLoader/Knot) Adding E:\bbsmc\mods\UtopiaBosses\.gradle\loom-cache\remapped_mods\net_fabricmc_yarn_1_20_1_1_20_1_build_10_v2\net\fabricmc\fabric-api\fabric-api-common\0.92.3+1.20.1\fabric-api-common-0.92.3+1.20.1.jar to classpath.
[22:08:11] [main/DEBUG] (FabricLoader/Knot) Adding E:\bbsmc\mods\UtopiaBosses\.gradle\loom-cache\remapped_mods\net_fabricmc_yarn_1_20_1_1_20_1_build_10_v2\net\fabricmc\fabric-api\fabric-data-attachment-api-v1-common\1.0.1+de0fd6d177\fabric-data-attachment-api-v1-common-1.0.1+de0fd6d177.jar to classpath.
[22:08:11] [main/DEBUG] (FabricLoader/Knot) Adding E:\bbsmc\mods\UtopiaBosses\.gradle\loom-cache\remapped_mods\net_fabricmc_yarn_1_20_1_1_20_1_build_10_v2\net\fabricmc\fabric-api\fabric-data-attachment-api-v1-client\1.0.1+de0fd6d177\fabric-data-attachment-api-v1-client-1.0.1+de0fd6d177.jar to classpath.
[22:08:11] [main/DEBUG] (FabricLoader/Knot) Adding E:\bbsmc\mods\UtopiaBosses\.gradle\loom-cache\remapped_mods\net_fabricmc_yarn_1_20_1_1_20_1_build_10_v2\net\fabricmc\fabric-api\fabric-message-api-v1-common\5.1.9+1802ada577\fabric-message-api-v1-common-5.1.9+1802ada577.jar to classpath.
[22:08:11] [main/DEBUG] (FabricLoader/Knot) Adding E:\bbsmc\mods\UtopiaBosses\.gradle\loom-cache\remapped_mods\net_fabricmc_yarn_1_20_1_1_20_1_build_10_v2\net\fabricmc\fabric-api\fabric-message-api-v1-client\5.1.9+1802ada577\fabric-message-api-v1-client-5.1.9+1802ada577.jar to classpath.
[22:08:11] [main/DEBUG] (FabricLoader/Knot) Adding E:\bbsmc\mods\UtopiaBosses\.gradle\loom-cache\remapped_mods\net_fabricmc_yarn_1_20_1_1_20_1_build_10_v2\net\fabricmc\fabric-api\fabric-object-builder-api-v1-common\11.1.4+1802ada577\fabric-object-builder-api-v1-common-11.1.4+1802ada577.jar to classpath.
[22:08:11] [main/DEBUG] (FabricLoader/Knot) Adding E:\bbsmc\mods\UtopiaBosses\.gradle\loom-cache\remapped_mods\net_fabricmc_yarn_1_20_1_1_20_1_build_10_v2\net\fabricmc\fabric-api\fabric-object-builder-api-v1-client\11.1.4+1802ada577\fabric-object-builder-api-v1-client-11.1.4+1802ada577.jar to classpath.
[22:08:11] [main/DEBUG] (FabricLoader/Knot) Adding E:\bbsmc\mods\UtopiaBosses\.gradle\loom-cache\remapped_mods\net_fabricmc_yarn_1_20_1_1_20_1_build_10_v2\net\fabricmc\fabric-api\fabric-renderer-registries-v1-client\3.2.46+df3654b377\fabric-renderer-registries-v1-client-3.2.46+df3654b377.jar to classpath.
[22:08:11] [main/DEBUG] (FabricLoader/Knot) Adding E:\bbsmc\mods\UtopiaBosses\.gradle\loom-cache\remapped_mods\net_fabricmc_yarn_1_20_1_1_20_1_build_10_v2\net\fabricmc\fabric-api\fabric-lifecycle-events-v1-common\2.2.22+1802ada577\fabric-lifecycle-events-v1-common-2.2.22+1802ada577.jar to classpath.
[22:08:11] [main/DEBUG] (FabricLoader/Knot) Adding E:\bbsmc\mods\UtopiaBosses\.gradle\loom-cache\remapped_mods\net_fabricmc_yarn_1_20_1_1_20_1_build_10_v2\net\fabricmc\fabric-api\fabric-lifecycle-events-v1-client\2.2.22+1802ada577\fabric-lifecycle-events-v1-client-2.2.22+1802ada577.jar to classpath.
[22:08:11] [main/DEBUG] (FabricLoader/Knot) Adding E:\bbsmc\mods\UtopiaBosses\.gradle\loom-cache\remapped_mods\net_fabricmc_yarn_1_20_1_1_20_1_build_10_v2\net\fabricmc\fabric-api\fabric-crash-report-info-v1-common\0.2.19+1802ada577\fabric-crash-report-info-v1-common-0.2.19+1802ada577.jar to classpath.
[22:08:11] [main/DEBUG] (FabricLoader/Knot) Adding E:\bbsmc\mods\UtopiaBosses\.gradle\loom-cache\remapped_mods\net_fabricmc_yarn_1_20_1_1_20_1_build_10_v2\net\fabricmc\fabric-api\fabric-networking-v0-common\0.3.52+df3654b377\fabric-networking-v0-common-0.3.52+df3654b377.jar to classpath.
[22:08:11] [main/DEBUG] (FabricLoader/Knot) Adding E:\bbsmc\mods\UtopiaBosses\.gradle\loom-cache\remapped_mods\net_fabricmc_yarn_1_20_1_1_20_1_build_10_v2\net\fabricmc\fabric-api\fabric-networking-v0-client\0.3.52+df3654b377\fabric-networking-v0-client-0.3.52+df3654b377.jar to classpath.
[22:08:11] [main/DEBUG] (FabricLoader/Knot) Adding E:\bbsmc\mods\UtopiaBosses\.gradle\loom-cache\remapped_mods\net_fabricmc_yarn_1_20_1_1_20_1_build_10_v2\net\fabricmc\fabric-api\fabric-convention-tags-v1-common\1.5.5+1802ada577\fabric-convention-tags-v1-common-1.5.5+1802ada577.jar to classpath.
[22:08:11] [main/DEBUG] (FabricLoader/Knot) Adding E:\bbsmc\mods\UtopiaBosses\.gradle\loom-cache\remapped_mods\net_fabricmc_yarn_1_20_1_1_20_1_build_10_v2\net\fabricmc\fabric-api\fabric-gametest-api-v1-common\1.2.14+1802ada577\fabric-gametest-api-v1-common-1.2.14+1802ada577.jar to classpath.
[22:08:11] [main/DEBUG] (FabricLoader/Knot) Adding E:\bbsmc\mods\UtopiaBosses\.gradle\loom-cache\remapped_mods\net_fabricmc_yarn_1_20_1_1_20_1_build_10_v2\net\fabricmc\fabric-api\fabric-transitive-access-wideners-v1-common\4.3.1+1802ada577\fabric-transitive-access-wideners-v1-common-4.3.1+1802ada577.jar to classpath.
[22:08:11] [main/DEBUG] (FabricLoader/Knot) Adding E:\bbsmc\mods\UtopiaBosses\.gradle\loom-cache\remapped_mods\net_fabricmc_yarn_1_20_1_1_20_1_build_10_v2\net\fabricmc\fabric-api\fabric-game-rule-api-v1-common\1.0.40+1802ada577\fabric-game-rule-api-v1-common-1.0.40+1802ada577.jar to classpath.
[22:08:11] [main/DEBUG] (FabricLoader/Knot) Adding E:\bbsmc\mods\UtopiaBosses\.gradle\loom-cache\remapped_mods\net_fabricmc_yarn_1_20_1_1_20_1_build_10_v2\net\fabricmc\fabric-api\fabric-game-rule-api-v1-client\1.0.40+1802ada577\fabric-game-rule-api-v1-client-1.0.40+1802ada577.jar to classpath.
[22:08:11] [main/DEBUG] (FabricLoader/Knot) Adding E:\bbsmc\mods\UtopiaBosses\.gradle\loom-cache\remapped_mods\net_fabricmc_yarn_1_20_1_1_20_1_build_10_v2\net\fabricmc\fabric-api\fabric-loot-tables-v1-common\1.1.46+9e7660c677\fabric-loot-tables-v1-common-1.1.46+9e7660c677.jar to classpath.
[22:08:11] [main/DEBUG] (FabricLoader/Knot) Adding E:\bbsmc\mods\UtopiaBosses\.gradle\loom-cache\remapped_mods\net_fabricmc_yarn_1_20_1_1_20_1_build_10_v2\net\fabricmc\fabric-api\fabric-command-api-v2-common\2.2.13+1802ada577\fabric-command-api-v2-common-2.2.13+1802ada577.jar to classpath.
[22:08:11] [main/DEBUG] (FabricLoader/Knot) Adding E:\bbsmc\mods\UtopiaBosses\.gradle\loom-cache\remapped_mods\net_fabricmc_yarn_1_20_1_1_20_1_build_10_v2\net\fabricmc\fabric-api\fabric-command-api-v2-client\2.2.13+1802ada577\fabric-command-api-v2-client-2.2.13+1802ada577.jar to classpath.
[22:08:11] [main/DEBUG] (FabricLoader/Knot) Adding E:\bbsmc\mods\UtopiaBosses\.gradle\loom-cache\remapped_mods\net_fabricmc_yarn_1_20_1_1_20_1_build_10_v2\net\fabricmc\fabric-api\fabric-screen-handler-api-v1-common\1.3.31+1802ada577\fabric-screen-handler-api-v1-common-1.3.31+1802ada577.jar to classpath.
[22:08:11] [main/DEBUG] (FabricLoader/Knot) Adding E:\bbsmc\mods\UtopiaBosses\.gradle\loom-cache\remapped_mods\net_fabricmc_yarn_1_20_1_1_20_1_build_10_v2\net\fabricmc\fabric-api\fabric-screen-handler-api-v1-client\1.3.31+1802ada577\fabric-screen-handler-api-v1-client-1.3.31+1802ada577.jar to classpath.
[22:08:11] [main/DEBUG] (FabricLoader/Knot) Adding E:\bbsmc\mods\UtopiaBosses\run\.fabric\processedMods\mixinextras-0.4.1-215bdc40eef77b8f.jar to classpath.
[22:08:11] [main/DEBUG] (FabricLoader/Knot) Adding E:\bbsmc\mods\UtopiaBosses\.gradle\loom-cache\remapped_mods\net_fabricmc_yarn_1_20_1_1_20_1_build_10_v2\net\fabricmc\fabric-api\fabric-events-interaction-v0-common\0.6.3+13a40c6677\fabric-events-interaction-v0-common-0.6.3+13a40c6677.jar to classpath.
[22:08:11] [main/DEBUG] (FabricLoader/Knot) Adding E:\bbsmc\mods\UtopiaBosses\.gradle\loom-cache\remapped_mods\net_fabricmc_yarn_1_20_1_1_20_1_build_10_v2\net\fabricmc\fabric-api\fabric-events-interaction-v0-client\0.6.3+13a40c6677\fabric-events-interaction-v0-client-0.6.3+13a40c6677.jar to classpath.
[22:08:11] [main/DEBUG] (FabricLoader/Knot) Adding E:\bbsmc\mods\UtopiaBosses\.gradle\loom-cache\remapped_mods\net_fabricmc_yarn_1_20_1_1_20_1_build_10_v2\net\fabricmc\fabric-api\fabric-registry-sync-v0-common\2.3.4+1802ada577\fabric-registry-sync-v0-common-2.3.4+1802ada577.jar to classpath.
[22:08:11] [main/DEBUG] (FabricLoader/Knot) Adding E:\bbsmc\mods\UtopiaBosses\.gradle\loom-cache\remapped_mods\net_fabricmc_yarn_1_20_1_1_20_1_build_10_v2\net\fabricmc\fabric-api\fabric-registry-sync-v0-client\2.3.4+1802ada577\fabric-registry-sync-v0-client-2.3.4+1802ada577.jar to classpath.
[22:08:11] [main/DEBUG] (FabricLoader/Knot) Adding E:\bbsmc\mods\UtopiaBosses\.gradle\loom-cache\remapped_mods\net_fabricmc_yarn_1_20_1_1_20_1_build_10_v2\net\fabricmc\fabric-api\fabric-model-loading-api-v1-client\1.0.3+1802ada577\fabric-model-loading-api-v1-client-1.0.3+1802ada577.jar to classpath.
[22:08:11] [main/DEBUG] (FabricLoader/Knot) Adding E:\bbsmc\mods\UtopiaBosses\.gradle\loom-cache\remapped_mods\net_fabricmc_yarn_1_20_1_1_20_1_build_10_v2\net\fabricmc\fabric-api\fabric-item-api-v1-common\2.1.28+1802ada577\fabric-item-api-v1-common-2.1.28+1802ada577.jar to classpath.
[22:08:11] [main/DEBUG] (FabricLoader/Knot) Adding E:\bbsmc\mods\UtopiaBosses\.gradle\loom-cache\remapped_mods\net_fabricmc_yarn_1_20_1_1_20_1_build_10_v2\net\fabricmc\fabric-api\fabric-item-api-v1-client\2.1.28+1802ada577\fabric-item-api-v1-client-2.1.28+1802ada577.jar to classpath.
[22:08:11] [main/DEBUG] (FabricLoader/Knot) Adding E:\bbsmc\mods\UtopiaBosses\.gradle\loom-cache\remapped_mods\net_fabricmc_yarn_1_20_1_1_20_1_build_10_v2\net\fabricmc\fabric-api\fabric-renderer-api-v1-client\3.2.1+1802ada577\fabric-renderer-api-v1-client-3.2.1+1802ada577.jar to classpath.
[22:08:11] [main/DEBUG] (FabricLoader/Knot) Adding E:\bbsmc\mods\UtopiaBosses\.gradle\loom-cache\remapped_mods\net_fabricmc_yarn_1_20_1_1_20_1_build_10_v2\net\fabricmc\fabric-api\fabric-rendering-data-attachment-v1-common\0.3.37+92a0d36777\fabric-rendering-data-attachment-v1-common-0.3.37+92a0d36777.jar to classpath.
[22:08:11] [main/DEBUG] (FabricLoader/Knot) Adding E:\bbsmc\mods\UtopiaBosses\.gradle\loom-cache\remapped_mods\net_fabricmc_yarn_1_20_1_1_20_1_build_10_v2\net\fabricmc\fabric-api\fabric-rendering-data-attachment-v1-client\0.3.37+92a0d36777\fabric-rendering-data-attachment-v1-client-0.3.37+92a0d36777.jar to classpath.
[22:08:11] [main/DEBUG] (FabricLoader/Knot) Adding E:\bbsmc\mods\UtopiaBosses\.gradle\loom-cache\remapped_mods\net_fabricmc_yarn_1_20_1_1_20_1_build_10_v2\net\fabricmc\fabric-api\fabric-rendering-v0-client\1.1.49+df3654b377\fabric-rendering-v0-client-1.1.49+df3654b377.jar to classpath.
[22:08:11] [main/DEBUG] (FabricLoader/Knot) Adding E:\bbsmc\mods\UtopiaBosses\.gradle\loom-cache\remapped_mods\net_fabricmc_yarn_1_20_1_1_20_1_build_10_v2\net\fabricmc\fabric-api\fabric-recipe-api-v1-common\1.0.22+1802ada577\fabric-recipe-api-v1-common-1.0.22+1802ada577.jar to classpath.
[22:08:11] [main/DEBUG] (FabricLoader/Knot) Adding E:\bbsmc\mods\UtopiaBosses\.gradle\loom-cache\remapped_mods\net_fabricmc_yarn_1_20_1_1_20_1_build_10_v2\net\fabricmc\fabric-api\fabric-recipe-api-v1-client\1.0.22+1802ada577\fabric-recipe-api-v1-client-1.0.22+1802ada577.jar to classpath.
[22:08:11] [main/DEBUG] (FabricLoader/Knot) Adding E:\bbsmc\mods\UtopiaBosses\.gradle\loom-cache\remapped_mods\net_fabricmc_yarn_1_20_1_1_20_1_build_10_v2\net\fabricmc\fabric-api\fabric-events-lifecycle-v0-common\0.2.63+df3654b377\fabric-events-lifecycle-v0-common-0.2.63+df3654b377.jar to classpath.
[22:08:11] [main/DEBUG] (FabricLoader/Knot) Adding E:\bbsmc\mods\UtopiaBosses\.gradle\loom-cache\remapped_mods\net_fabricmc_yarn_1_20_1_1_20_1_build_10_v2\net\fabricmc\fabric-api\fabric-events-lifecycle-v0-client\0.2.63+df3654b377\fabric-events-lifecycle-v0-client-0.2.63+df3654b377.jar to classpath.
[22:08:11] [main/DEBUG] (FabricLoader/Knot) Adding E:\bbsmc\mods\UtopiaBosses\.gradle\loom-cache\remapped_mods\net_fabricmc_yarn_1_20_1_1_20_1_build_10_v2\net\fabricmc\fabric-api\fabric-keybindings-v0-client\0.2.35+df3654b377\fabric-keybindings-v0-client-0.2.35+df3654b377.jar to classpath.
[22:08:11] [main/DEBUG] (FabricLoader/Knot) Adding E:\bbsmc\mods\UtopiaBosses\.gradle\loom-cache\remapped_mods\net_fabricmc_yarn_1_20_1_1_20_1_build_10_v2\net\fabricmc\fabric-api\fabric-api-base-common\0.4.31+1802ada577\fabric-api-base-common-0.4.31+1802ada577.jar to classpath.
[22:08:11] [main/DEBUG] (FabricLoader/Knot) Adding E:\bbsmc\mods\UtopiaBosses\.gradle\loom-cache\remapped_mods\net_fabricmc_yarn_1_20_1_1_20_1_build_10_v2\net\fabricmc\fabric-api\fabric-biome-api-v1-common\13.0.13+1802ada577\fabric-biome-api-v1-common-13.0.13+1802ada577.jar to classpath.
[22:08:11] [main/DEBUG] (FabricLoader/Knot) Adding E:\bbsmc\mods\UtopiaBosses\.gradle\loom-cache\remapped_mods\net_fabricmc_yarn_1_20_1_1_20_1_build_10_v2\net\fabricmc\fabric-api\fabric-mining-level-api-v1-common\2.1.51+1802ada577\fabric-mining-level-api-v1-common-2.1.51+1802ada577.jar to classpath.
[22:08:11] [main/DEBUG] (FabricLoader/Knot) Adding E:\bbsmc\mods\UtopiaBosses\.gradle\loom-cache\remapped_mods\net_fabricmc_yarn_1_20_1_1_20_1_build_10_v2\net\fabricmc\fabric-api\fabric-api-lookup-api-v1-common\1.6.36+1802ada577\fabric-api-lookup-api-v1-common-1.6.36+1802ada577.jar to classpath.
[22:08:11] [main/DEBUG] (FabricLoader/Entrypoint) Registering new-style initializer net.fabricmc.fabric.impl.networking.client.ClientNetworkingImpl::clientInit for mod fabric-networking-api-v1 (key client)
[22:08:11] [main/DEBUG] (FabricLoader/Entrypoint) Registering new-style initializer net.fabricmc.fabric.impl.networking.NetworkingImpl::init for mod fabric-networking-api-v1 (key main)
[22:08:11] [main/DEBUG] (FabricLoader/Entrypoint) Registering new-style initializer lt.utopiabosses.UtopiabossesClient for mod utopiabosses (key client)
[22:08:11] [main/DEBUG] (FabricLoader/Entrypoint) Registering new-style initializer lt.utopiabosses.Utopiabosses for mod utopiabosses (key main)
[22:08:11] [main/DEBUG] (FabricLoader/Entrypoint) Registering new-style initializer net.fabricmc.fabric.impl.client.indigo.Indigo for mod fabric-renderer-indigo (key client)
[22:08:11] [main/DEBUG] (FabricLoader/Entrypoint) Registering new-style initializer software.bernie.example.ClientListener for mod geckolib (key client)
[22:08:11] [main/DEBUG] (FabricLoader/Entrypoint) Registering new-style initializer software.bernie.example.GeckoLibMod for mod geckolib (key main)
[22:08:11] [main/DEBUG] (FabricLoader/Entrypoint) Registering new-style initializer net.fabricmc.fabric.impl.command.v1.LegacyHandler for mod fabric-command-api-v1 (key main)
[22:08:11] [main/DEBUG] (FabricLoader/Entrypoint) Registering new-style initializer net.fabricmc.fabric.impl.client.container.ScreenProviderRegistryImpl::init for mod fabric-containers-v0 (key client)
[22:08:11] [main/DEBUG] (FabricLoader/Entrypoint) Registering new-style initializer net.fabricmc.fabric.impl.attachment.AttachmentEntrypoint for mod fabric-data-attachment-api-v1 (key main)
[22:08:11] [main/DEBUG] (FabricLoader/Entrypoint) Registering new-style initializer net.fabricmc.fabric.impl.client.event.lifecycle.ClientLifecycleEventsImpl for mod fabric-lifecycle-events-v1 (key client)
[22:08:11] [main/DEBUG] (FabricLoader/Entrypoint) Registering new-style initializer net.fabricmc.fabric.impl.event.lifecycle.LifecycleEventsImpl for mod fabric-lifecycle-events-v1 (key main)
[22:08:11] [main/DEBUG] (FabricLoader/Entrypoint) Registering new-style initializer net.fabricmc.fabric.impl.client.networking.v0.OldClientNetworkingHooks for mod fabric-networking-v0 (key client)
[22:08:11] [main/DEBUG] (FabricLoader/Entrypoint) Registering new-style initializer net.fabricmc.fabric.impl.networking.v0.OldNetworkingHooks for mod fabric-networking-v0 (key main)
[22:08:11] [main/DEBUG] (FabricLoader/Entrypoint) Registering new-style initializer net.fabricmc.fabric.impl.gametest.FabricGameTestModInitializer for mod fabric-gametest-api-v1 (key main)
[22:08:11] [main/DEBUG] (FabricLoader/Entrypoint) Registering new-style initializer net.fabricmc.fabric.impl.loot.table.LootTablesV1Init for mod fabric-loot-tables-v1 (key main)
[22:08:11] [main/DEBUG] (FabricLoader/Entrypoint) Registering new-style initializer net.fabricmc.fabric.impl.screenhandler.client.ClientNetworking for mod fabric-screen-handler-api-v1 (key client)
[22:08:11] [main/DEBUG] (FabricLoader/Entrypoint) Registering new-style initializer net.fabricmc.fabric.impl.event.interaction.InteractionEventsRouterClient for mod fabric-events-interaction-v0 (key client)
[22:08:11] [main/DEBUG] (FabricLoader/Entrypoint) Registering new-style initializer net.fabricmc.fabric.impl.event.interaction.InteractionEventsRouter for mod fabric-events-interaction-v0 (key main)
[22:08:11] [main/DEBUG] (FabricLoader/Entrypoint) Registering new-style initializer net.fabricmc.fabric.impl.client.registry.sync.FabricRegistryClientInit for mod fabric-registry-sync-v0 (key client)
[22:08:11] [main/DEBUG] (FabricLoader/Entrypoint) Registering new-style initializer net.fabricmc.fabric.impl.registry.sync.FabricRegistryInit for mod fabric-registry-sync-v0 (key main)
[22:08:11] [main/DEBUG] (FabricLoader/Entrypoint) Registering new-style initializer net.fabricmc.fabric.impl.client.rendering.v0.RenderingCallbackInvoker for mod fabric-rendering-v0 (key client)
[22:08:11] [main/DEBUG] (FabricLoader/Entrypoint) Registering new-style initializer net.fabricmc.fabric.impl.recipe.ingredient.client.CustomIngredientSyncClient for mod fabric-recipe-api-v1 (key client)
[22:08:11] [main/DEBUG] (FabricLoader/Entrypoint) Registering new-style initializer net.fabricmc.fabric.impl.recipe.ingredient.CustomIngredientInit for mod fabric-recipe-api-v1 (key main)
[22:08:11] [main/DEBUG] (FabricLoader/Entrypoint) Registering new-style initializer net.fabricmc.fabric.impl.recipe.ingredient.CustomIngredientSync for mod fabric-recipe-api-v1 (key main)
[22:08:11] [main/DEBUG] (FabricLoader/Entrypoint) Registering new-style initializer net.fabricmc.fabric.impl.event.lifecycle.v0.client.LegacyClientEventInvokers for mod fabric-events-lifecycle-v0 (key client)
[22:08:11] [main/DEBUG] (FabricLoader/Entrypoint) Registering new-style initializer net.fabricmc.fabric.impl.event.lifecycle.v0.LegacyEventInvokers for mod fabric-events-lifecycle-v0 (key main)
[22:08:11] [main/DEBUG] (FabricLoader/Entrypoint) Registering new-style initializer net.fabricmc.fabric.impl.lookup.ApiLookupImpl for mod fabric-api-lookup-api-v1 (key main)
[22:08:12] [main/INFO] (FabricLoader/Mixin) SpongePowered MIXIN Subsystem Version=0.8.5 Source=file:/C:/Users/Admin/.gradle/caches/modules-2/files-2.1/net.fabricmc/sponge-mixin/0.12.5+mixin.0.8.5/8d31fb97c3e0cd7c8dad3441851c523bcfae6d8e/sponge-mixin-0.12.5+mixin.0.8.5.jar Service=Knot/Fabric Env=CLIENT
[22:08:12] [main/DEBUG] (FabricLoader/Mixin) Error cleaning class output directory: .mixin.out
[22:08:12] [main/DEBUG] (FabricLoader/Mixin) Initialising Mixin Platform Manager
[22:08:12] [main/DEBUG] (FabricLoader/Mixin) Adding mixin platform agents for container ContainerHandleURI(file:///C:/Users/Admin/.gradle/caches/modules-2/files-2.1/net.fabricmc/fabric-loader/0.16.9/7eaa23079ac1569963e488054db124c7eb984f05/fabric-loader-0.16.9.jar)
[22:08:12] [main/DEBUG] (FabricLoader/Mixin) Instancing new MixinPlatformAgentDefault for ContainerHandleURI(file:///C:/Users/Admin/.gradle/caches/modules-2/files-2.1/net.fabricmc/fabric-loader/0.16.9/7eaa23079ac1569963e488054db124c7eb984f05/fabric-loader-0.16.9.jar)
[22:08:12] [main/DEBUG] (FabricLoader/Mixin) MixinPlatformAgentDefault accepted container ContainerHandleURI(file:///C:/Users/Admin/.gradle/caches/modules-2/files-2.1/net.fabricmc/fabric-loader/0.16.9/7eaa23079ac1569963e488054db124c7eb984f05/fabric-loader-0.16.9.jar)
[22:08:12] [main/DEBUG] (FabricLoader/Mixin) Instancing new MixinPlatformAgentDefault for ContainerHandleURI(file:///C:/Users/Admin/.gradle/caches/modules-2/files-2.1/net.fabricmc/fabric-loader/0.16.9/7eaa23079ac1569963e488054db124c7eb984f05/fabric-loader-0.16.9.jar)
[22:08:12] [main/DEBUG] (FabricLoader/Mixin) MixinPlatformAgentDefault accepted container ContainerHandleURI(file:///C:/Users/Admin/.gradle/caches/modules-2/files-2.1/net.fabricmc/fabric-loader/0.16.9/7eaa23079ac1569963e488054db124c7eb984f05/fabric-loader-0.16.9.jar)
[22:08:12] [main/DEBUG] (FabricLoader/Mixin) Processing prepare() for PlatformAgent[MixinPlatformAgentDefault:ContainerHandleURI(file:///C:/Users/Admin/.gradle/caches/modules-2/files-2.1/net.fabricmc/fabric-loader/0.16.9/7eaa23079ac1569963e488054db124c7eb984f05/fabric-loader-0.16.9.jar)]
[22:08:12] [main/DEBUG] (FabricLoader/Mixin) Processing prepare() for PlatformAgent[MixinPlatformAgentDefault:ContainerHandleURI(file:///C:/Users/Admin/.gradle/caches/modules-2/files-2.1/net.fabricmc/fabric-loader/0.16.9/7eaa23079ac1569963e488054db124c7eb984f05/fabric-loader-0.16.9.jar)]
[22:08:12] [main/INFO] (FabricLoader/Mixin) Loaded Fabric development mappings for mixin remapper!
[22:08:12] [main/DEBUG] (FabricLoader/Mixin) Compatibility level JAVA_16 specified by fabric-networking-api-v1.mixins.json is higher than the maximum level supported by this version of mixin (JAVA_13).
[22:08:12] [main/ERROR] (FabricLoader) Uncaught exception in thread "main"
java.lang.RuntimeException: Error parsing or using Mixin config fabric-networking-api-v1.mixins.json for mod fabric-networking-api-v1
	at net.fabricmc.loader.impl.launch.FabricMixinBootstrap.init(FabricMixinBootstrap.java:96) ~[fabric-loader-0.16.9.jar:?]
	at net.fabricmc.loader.impl.launch.knot.Knot.init(Knot.java:151) ~[fabric-loader-0.16.9.jar:?]
	at net.fabricmc.loader.impl.launch.knot.Knot.launch(Knot.java:68) ~[fabric-loader-0.16.9.jar:?]
	at net.fabricmc.loader.impl.launch.knot.KnotClient.main(KnotClient.java:23) ~[fabric-loader-0.16.9.jar:?]
	at net.fabricmc.devlaunchinjector.Main.main(Main.java:86) ~[?:?]
Caused by: java.lang.NoSuchFieldError: JAVA_22
	at net.fabricmc.loader.impl.launch.knot.MixinServiceKnot.getMaxCompatibilityLevel(MixinServiceKnot.java:232) ~[fabric-loader-0.16.9.jar:?]
	at org.spongepowered.asm.mixin.MixinEnvironment.setCompatibilityLevel(MixinEnvironment.java:1577) ~[sponge-mixin-0.12.5+mixin.0.8.5.jar:0.12.5+mixin.0.8.5]
	at org.spongepowered.asm.mixin.transformer.MixinConfig.initCompatibilityLevel(MixinConfig.java:557) ~[sponge-mixin-0.12.5+mixin.0.8.5.jar:0.12.5+mixin.0.8.5]
	at org.spongepowered.asm.mixin.transformer.MixinConfig.postInit(MixinConfig.java:502) ~[sponge-mixin-0.12.5+mixin.0.8.5.jar:0.12.5+mixin.0.8.5]
	at org.spongepowered.asm.mixin.transformer.MixinConfig.onLoad(MixinConfig.java:430) ~[sponge-mixin-0.12.5+mixin.0.8.5.jar:0.12.5+mixin.0.8.5]
	at org.spongepowered.asm.mixin.transformer.MixinConfig.create(MixinConfig.java:1293) ~[sponge-mixin-0.12.5+mixin.0.8.5.jar:0.12.5+mixin.0.8.5]
	at org.spongepowered.asm.mixin.transformer.Config.create(Config.java:148) ~[sponge-mixin-0.12.5+mixin.0.8.5.jar:0.12.5+mixin.0.8.5]
	at org.spongepowered.asm.mixin.Mixins.createConfiguration(Mixins.java:100) ~[sponge-mixin-0.12.5+mixin.0.8.5.jar:0.12.5+mixin.0.8.5]
	at org.spongepowered.asm.mixin.Mixins.addConfiguration(Mixins.java:87) ~[sponge-mixin-0.12.5+mixin.0.8.5.jar:0.12.5+mixin.0.8.5]
	at net.fabricmc.loader.impl.launch.FabricMixinBootstrap.init(FabricMixinBootstrap.java:94) ~[fabric-loader-0.16.9.jar:?]
	... 4 more
